Arguments: 
  C:\Program Files\nodejs\node.exe C:\Users\Nisch\AppData\Roaming\npm\node_modules\yarn\bin\yarn.js create-probot-app es6-linter

PATH: 
  G:\app\Nisch\virtual\product\12.2.0\dbhome_1\bin;C:\ProgramData\Oracle\Java\javapath;C:\Windows\system32;C:\Windows;C:\Windows\System32\Wbem;C:\Windows\System32\WindowsPowerShell\v1.0\;C:\Program Files (x86)\Bitvise SSH Client;C:\Program Files (x86)\Gpg4win\..\GnuPG\bin;C:\Users\Nisch\Downloads\swigwin-3.0.12\;C:\Program Files\nodejs\;C:\Program Files\Git\cmd;C:\Program Files (x86)\Microsoft SQL Server\Client SDK\ODBC\130\Tools\Binn\;C:\Program Files (x86)\Microsoft SQL Server\140\Tools\Binn\;C:\Program Files (x86)\Microsoft SQL Server\140\DTS\Binn\;C:\Program Files (x86)\Microsoft SQL Server\140\Tools\Binn\ManagementStudio\;C:\Program Files (x86)\Windows Kits\8.1\Windows Performance Toolkit\;C:\Users\Nisch\AppData\Local\Programs\Python\Python36-32\Scripts\;C:\Users\Nisch\AppData\Local\Programs\Python\Python36-32\;C:\Users\Nisch\AppData\Local\Programs\Python\Python36\Scripts\;C:\Users\Nisch\AppData\Local\Programs\Python\Python36\;C:\Users\Nisch\AppData\Local\Microsoft\WindowsApps;C:\Program Files\Microsoft VS;C:\Users\Nisch\AppData\Local\Programs\Python\Python36-32\Scripts\;C:\Users\Nisch\AppData\Local\Programs\Python\Python36-32\;C:\Users\Nisch\AppData\Local\Programs\Python\Python36\Scripts\;C:\Users\Nisch\AppData\Local\Programs\Python\Python36\;C:\Users\Nisch\AppData\Local\Microsoft\WindowsApps;C:\Program Files\Microsoft VS Code\bin;C:\Program Files\MongoDB\Server\3.6\bin;C:\Program Files (x86)\Minimal ADB and Fastboot;C:\Users\Nisch\AppData\Roaming\npm;

Yarn version: 
  1.5.1

Node version: 
  9.3.0

Platform: 
  win32 x64

npm manifest: 
  No manifest

yarn manifest: 
  No manifest

Lockfile: 
  No lockfile

Trace: 
  Error: Couldn't find a package.json file in "E:\\Gsoc stuff\\es6-linter"
      at new MessageError (C:\Users\Nisch\AppData\Roaming\npm\node_modules\yarn\lib\cli.js:186:110)
      at C:\Users\Nisch\AppData\Roaming\npm\node_modules\yarn\lib\cli.js:40048:15
      at Generator.next (<anonymous>)
      at step (C:\Users\Nisch\AppData\Roaming\npm\node_modules\yarn\lib\cli.js:98:30)
      at C:\Users\Nisch\AppData\Roaming\npm\node_modules\yarn\lib\cli.js:109:13
      at <anonymous>
